0 info it worked if it ends with ok
1 verbose cli [ '/usr/bin/node', '/usr/bin/npm', 'run', 'test-cover' ]
2 info using npm@3.5.2
3 info using node@v8.10.0
4 verbose run-script [ 'pretest-cover', 'test-cover', 'posttest-cover' ]
5 info lifecycle sd-assignment1-master@1.0.0~pretest-cover: sd-assignment1-master@1.0.0
6 silly lifecycle sd-assignment1-master@1.0.0~pretest-cover: no script for pretest-cover, continuing
7 info lifecycle sd-assignment1-master@1.0.0~test-cover: sd-assignment1-master@1.0.0
8 verbose lifecycle sd-assignment1-master@1.0.0~test-cover: unsafe-perm in lifecycle true
9 verbose lifecycle sd-assignment1-master@1.0.0~test-cover: PATH: /usr/share/npm/bin/node-gyp-bin:/mnt/c/Users/mayoor shardha/Desktop/SD-Assignment1/node_modules/.bin:/home/mayoorshardha/.local/bin:/usr/local/sbin:/usr/local/bin:/usr/sbin:/usr/bin:/sbin:/bin:/usr/games:/usr/local/games:/mnt/c/WINDOWS/system32:/mnt/c/WINDOWS:/mnt/c/WINDOWS/System32/Wbem:/mnt/c/WINDOWS/System32/WindowsPowerShell/v1.0/:/mnt/c/WINDOWS/System32/OpenSSH/:/mnt/c/Program Files (x86)/Intel/Intel(R) Management Engine Components/DAL:/mnt/c/Program Files/Intel/Intel(R) Management Engine Components/DAL:/mnt/c/Program Files/Git/cmd:/mnt/c/Program Files/Intel/WiFi/bin/:/mnt/c/Program Files/Common Files/Intel/WirelessCommon/:/mnt/c/Users/mayoor shardha/AppData/Local/Programs/Python/Python37/Scripts/:/mnt/c/Users/mayoor shardha/AppData/Local/Programs/Python/Python37/:/mnt/c/Users/mayoor shardha/AppData/Local/Microsoft/WindowsApps:/mnt/c/Users/mayoor shardha/AppData/Local/Programs/Microsoft VS Code/bin:/mnt/c/Program Files (x86)/mingw-w64/i686-8.1.0-posix-dwarf-rt_v6-rev0/mingw32/bin:/mnt/c/Users/mayoor shardha/Downloads:/mnt/c/Users/mayoor shardha/AppData/Local/GitHubDesktop/bin:/mnt/c/Program Files (x86)/SSH Communications Security/SSH Secure Shell:/mnt/c/Program Files/Java/jdk-14.0.1/bin:/mnt/c/flutter/flutter/bin:/snap/bin
10 verbose lifecycle sd-assignment1-master@1.0.0~test-cover: CWD: /mnt/c/Users/mayoor shardha/Desktop/SD-Assignment1
11 silly lifecycle sd-assignment1-master@1.0.0~test-cover: Args: [ '-c',
11 silly lifecycle   'istanbul cover --include-all-sources spec/specs.js && istanbul check-coverage' ]
12 silly lifecycle sd-assignment1-master@1.0.0~test-cover: Returned: code: 1  signal: null
13 info lifecycle sd-assignment1-master@1.0.0~test-cover: Failed to exec test-cover script
14 verbose stack Error: sd-assignment1-master@1.0.0 test-cover: `istanbul cover --include-all-sources spec/specs.js && istanbul check-coverage`
14 verbose stack Exit status 1
14 verbose stack     at EventEmitter.<anonymous> (/usr/share/npm/lib/utils/lifecycle.js:232:16)
14 verbose stack     at emitTwo (events.js:126:13)
14 verbose stack     at EventEmitter.emit (events.js:214:7)
14 verbose stack     at ChildProcess.<anonymous> (/usr/share/npm/lib/utils/spawn.js:24:14)
14 verbose stack     at emitTwo (events.js:126:13)
14 verbose stack     at ChildProcess.emit (events.js:214:7)
14 verbose stack     at maybeClose (internal/child_process.js:925:16)
14 verbose stack     at Process.ChildProcess._handle.onexit (internal/child_process.js:209:5)
15 verbose pkgid sd-assignment1-master@1.0.0
16 verbose cwd /mnt/c/Users/mayoor shardha/Desktop/SD-Assignment1
17 error Linux 4.4.0-18362-Microsoft
18 error argv "/usr/bin/node" "/usr/bin/npm" "run" "test-cover"
19 error node v8.10.0
20 error npm  v3.5.2
21 error code ELIFECYCLE
22 error sd-assignment1-master@1.0.0 test-cover: `istanbul cover --include-all-sources spec/specs.js && istanbul check-coverage`
22 error Exit status 1
23 error Failed at the sd-assignment1-master@1.0.0 test-cover script 'istanbul cover --include-all-sources spec/specs.js && istanbul check-coverage'.
23 error Make sure you have the latest version of node.js and npm installed.
23 error If you do, this is most likely a problem with the sd-assignment1-master package,
23 error not with npm itself.
23 error Tell the author that this fails on your system:
23 error     istanbul cover --include-all-sources spec/specs.js && istanbul check-coverage
23 error You can get information on how to open an issue for this project with:
23 error     npm bugs sd-assignment1-master
23 error Or if that isn't available, you can get their info via:
23 error     npm owner ls sd-assignment1-master
23 error There is likely additional logging output above.
24 verbose exit [ 1, true ]
